<?xml version="1.0" encoding="UTF-8"?>
<!-- Generated by org.testng.reporters.JUnitReportReporter -->
<testsuite hostname="Impetus-I0183" name="com.javacodegeeks.testng.maven.TestNgMavenExampleTest" tests="1" failures="0" timestamp="9 Oct 2015 06:31:36 GMT" time="0.015" errors="0">
  <testcase name="exampleOfTestNgMaven" time="0.015" classname="com.javacodegeeks.testng.maven.TestNgMavenExampleTest"/>
</testsuite> <!-- com.javacodegeeks.testng.maven.TestNgMavenExampleTest -->
